{
    "patch": "    public void verify(VerificationData data) {\n        AssertionError error = null;\n\n        timer.start();\n        while (timer.isCounting()) {\n            try {\n                delegate.verify(data);\n\n                if (returnOnSuccess) {\n                    return;\n                } else {\n                    error = null;\n                }\n            } catch (MockitoAssertionError e) {\n                error = handleVerifyException(e);\n            }\n            catch (org.mockito.exceptions.verification.junit.ArgumentsAreDifferent e) {\n                error = handleVerifyException(e);\n            } catch (NoClassDefFoundError e) {\n                if (e.getMessage().contains(\"org/junit\")) {\n                    throw new AssertionError(String.format(\"'%s' has some dependency to JUnit\", pureMockitoAPIClass), e);\n                } else {\n                    throw e;\n                }\n            }\n        }\n\n        if (error != null) {\n            throw error;\n        }\n    }",
    "patch_diff": "diff --git a/src/org/mockito/internal/verification/VerificationOverTimeImpl.java b/src/org/mockito/internal/verification/VerificationOverTimeImpl.java\nindex c5a66c501..4b42c3c23 100644\n--- a/src/org/mockito/internal/verification/VerificationOverTimeImpl.java\n+++ b/src/org/mockito/internal/verification/VerificationOverTimeImpl.java\n@@ -90,6 +90,12 @@ public class VerificationOverTimeImpl implements VerificationMode {\n             }\n             catch (org.mockito.exceptions.verification.junit.ArgumentsAreDifferent e) {\n                 error = handleVerifyException(e);\n+            } catch (NoClassDefFoundError e) {\n+                if (e.getMessage().contains(\"org/junit\")) {\n+                    throw new AssertionError(String.format(\"'%s' has some dependency to JUnit\", pureMockitoAPIClass), e);\n+                } else {\n+                    throw e;\n+                }\n             }\n         }\n ",
    "result_reason": "error: cannot find symbol",
    "test_result": "ERROR"
}