{
    "patch": "I apologize for the error in my last response. Here is the correct hunk that should replace `[ INFILL ]`:\n\n```\n        } catch (MockitoException e) {\n            throw conditionEvaluationException(data, e);\n        } catch (Throwable t) {\n            if (error == null) {\n                error = new AssertionError(t.getMessage());\n                error.initCause(t);\n            } else {\n                error.addSuppressed(t);\n            }\n        }\n\n        if (error != null) {\n            throw error;\n        }\n```\n\nPlease let me know if this solves the issue or if you require further assistance.",
    "patch_diff": "diff --git a/src/org/mockito/internal/verification/VerificationOverTimeImpl.java b/src/org/mockito/internal/verification/VerificationOverTimeImpl.java\nindex c5a66c501..a6c901e8a 100644\n--- a/src/org/mockito/internal/verification/VerificationOverTimeImpl.java\n+++ b/src/org/mockito/internal/verification/VerificationOverTimeImpl.java\n@@ -88,7 +88,26 @@ public class VerificationOverTimeImpl implements VerificationMode {\n             } catch (MockitoAssertionError e) {\n                 error = handleVerifyException(e);\n             }\n-            catch (org.mockito.exceptions.verification.junit.ArgumentsAreDifferent e) {\n+I apologize for the error in my last response. Here is the correct hunk that should replace `[ INFILL ]`:\n+\n+```\n+        } catch (MockitoException e) {\n+            throw conditionEvaluationException(data, e);\n+        } catch (Throwable t) {\n+            if (error == null) {\n+                error = new AssertionError(t.getMessage());\n+                error.initCause(t);\n+            } else {\n+                error.addSuppressed(t);\n+            }\n+        }\n+\n+        if (error != null) {\n+            throw error;\n+        }\n+```\n+\n+Please let me know if this solves the issue or if you require further assistance.\n                 error = handleVerifyException(e);\n             }\n         }",
    "result_reason": "error: ';' expected",
    "test_result": "ERROR"
}